checking for a BSD-compatible install... /usr/bin/install -c
checking whether build environment is sane... yes
checking for a thread-safe mkdir -p... /usr/bin/mkdir -p
checking for gawk... gawk
checking whether make sets $(MAKE)... yes
checking whether make supports nested variables... yes
checking how to create a pax tar archive... gnutar
checking for style of include used by make... GNU
checking for gcc... gcc
checking whether the C compiler works... yes
checking for C compiler default output file name... a.out
checking for suffix of executables... 
checking whether we are cross compiling... no
checking for suffix of object files... o
checking whether we are using the GNU C compiler... yes
checking whether gcc accepts -g... yes
checking for gcc option to accept ISO C89... none needed
checking dependency style of gcc... gcc3
checking for gcc option to accept ISO C99... -std=gnu99
checking whether gcc -std=gnu99 and cc understand -c and -o together... yes
checking how to run the C preprocessor... gcc -std=gnu99 -E
checking for grep that handles long lines and -e... /usr/bin/grep
checking for fgrep... /usr/bin/grep -F
checking for egrep... /usr/bin/grep -E
checking for perl... /usr/bin/perl
checking for ANSI C header files... yes
checking for sys/types.h... yes
checking for sys/stat.h... yes
checking for stdlib.h... yes
checking for string.h... yes
checking for memory.h... yes
checking for strings.h... yes
checking for inttypes.h... yes
checking for stdint.h... yes
checking for unistd.h... yes
checking minix/config.h usability... no
checking minix/config.h presence... no
checking for minix/config.h... no
checking whether it is safe to define __EXTENSIONS__... yes
checking whether byte ordering is bigendian... no
checking for special C compiler options needed for large files... no
checking for _FILE_OFFSET_BITS value needed for large files... no
checking build system type... x86_64-unknown-linux-gnu
checking host system type... x86_64-unknown-linux-gnu
checking how to print strings... printf
checking for a sed that does not truncate output... /usr/bin/sed
checking for ld used by gcc -std=gnu99... /usr/bin/ld
checking if the linker (/usr/bin/ld) is GNU ld... yes
checking for BSD- or MS-compatible name lister (nm)... /usr/bin/nm -B
checking the name lister (/usr/bin/nm -B) interface... BSD nm
checking whether ln -s works... yes
checking the maximum length of command line arguments... 1572864
checking whether the shell understands some XSI constructs... yes
checking whether the shell understands "+="... yes
checking how to convert x86_64-unknown-linux-gnu file names to x86_64-unknown-linux-gnu format... func_convert_file_noop
checking how to convert x86_64-unknown-linux-gnu file names to toolchain format... func_convert_file_noop
checking for /usr/bin/ld option to reload object files... -r
checking for objdump... objdump
checking how to recognize dependent libraries... pass_all
checking for dlltool... no
checking how to associate runtime and link libraries... printf %s\n
checking for ar... ar
checking for archiver @FILE support... @
checking for strip... strip
checking for ranlib... ranlib
checking command to parse /usr/bin/nm -B output from gcc -std=gnu99 object... ok
checking for sysroot... no
checking for mt... no
checking if : is a manifest tool... no
checking for dlfcn.h... yes
checking for objdir... .libs
checking if gcc -std=gnu99 supports -fno-rtti -fno-exceptions... no
checking for gcc -std=gnu99 option to produce PIC... -fPIC -DPIC
checking if gcc -std=gnu99 PIC flag -fPIC -DPIC works... yes
checking if gcc -std=gnu99 static flag -static works... no
checking if gcc -std=gnu99 supports -c -o file.o... yes
checking if gcc -std=gnu99 supports -c -o file.o... (cached) yes
checking whether the gcc -std=gnu99 linker (/usr/bin/ld -m elf_x86_64) supports shared libraries... yes
checking dynamic linker characteristics... GNU/Linux ld.so
checking how to hardcode library paths into programs... immediate
checking whether stripping libraries is possible... yes
checking if libtool supports shared libraries... yes
checking whether to build shared libraries... no
checking whether to build static libraries... yes
checking for library containing pow... -lm
checking for library containing clock_gettime... none required
checking for library containing timer_create... -lrt
checking for library containing pthread_create... -lpthread
checking whether strerror_r is declared... yes
checking for strerror_r... yes
checking whether strerror_r returns char *... yes
checking vmware.h usability... no
checking vmware.h presence... no
checking for vmware.h... no
checking for MSVC x64 compiler... no
checking windows.h usability... no
checking windows.h presence... no
checking for windows.h... no
checking for linux/netlink.h... yes
checking for pkg-config... /usr/bin/pkg-config
checking whether compiling and linking against OpenSSL works... yes
checking for capng_clear in -lcap-ng... no
checking for Python 2.x for x >= 7... /usr/bin/python
checking for dot... no
checking net/if_packet.h usability... yes
checking net/if_packet.h presence... yes
checking for net/if_packet.h... yes
checking net/if_dl.h usability... no
checking net/if_dl.h presence... no
checking for net/if_dl.h... no
checking whether strtok_r macro segfaults on some inputs... no
checking whether sys_siglist is declared... yes
checking for struct stat.st_mtim.tv_nsec... yes
checking for struct stat.st_mtimensec... no
checking for struct ifreq.ifr_flagshigh... no
checking for mlockall... yes
checking for strnlen... yes
checking for getloadavg... yes
checking for statvfs... yes
checking for getmntent_r... yes
checking mntent.h usability... yes
checking mntent.h presence... yes
checking for mntent.h... yes
checking sys/statvfs.h usability... yes
checking sys/statvfs.h presence... yes
checking for sys/statvfs.h... yes
checking linux/types.h usability... yes
checking linux/types.h presence... yes
checking for linux/types.h... yes
checking linux/if_ether.h usability... yes
checking linux/if_ether.h presence... yes
checking for linux/if_ether.h... yes
checking stdatomic.h usability... no
checking stdatomic.h presence... no
checking for stdatomic.h... no
checking for net/if_mib.h... no
checking for library containing backtrace... none required
checking linux/perf_event.h usability... yes
checking linux/perf_event.h presence... yes
checking for linux/perf_event.h... yes
checking valgrind/valgrind.h usability... no
checking valgrind/valgrind.h presence... no
checking for valgrind/valgrind.h... no
checking for connect in -lsocket... no
checking for library containing gethostbyname... none required
checking XenServer release... none
checking for groff... yes
checking whether make is GNU make... yes
checking whether gcc -std=gnu99 has <threads.h> that supports thread_local... no
checking whether gcc -std=gnu99 supports __thread... yes
checking for library containing __atomic_load_8... no
checking whether gcc -std=gnu99 supports GCC 4.0+ atomic built-ins... yes
checking value of __atomic_always_lock_free(1)... 1
checking value of __atomic_always_lock_free(2)... 1
checking value of __atomic_always_lock_free(4)... 1
checking value of __atomic_always_lock_free(8)... 1
checking for library containing aio_write... none required
checking for pthread_set_name_np... no
checking for pthread_setname_np() variant... glibc
checking whether __linux__ is defined... true
checking for working posix_memalign... yes
checking whether the preprocessor supports include_next... yes
checking whether system header files limit the line length... no
checking for stdio.h... yes
checking for string.h... (cached) yes
checking whether gcc -std=gnu99 accepts -Werror... yes
checking whether gcc -std=gnu99 accepts -Wall... yes
checking whether gcc -std=gnu99 accepts -Wextra... yes
checking whether gcc -std=gnu99 accepts -Wno-sign-compare... yes
checking whether gcc -std=gnu99 accepts -Wpointer-arith... yes
checking whether gcc -std=gnu99 accepts -Wformat-security... no
checking whether gcc -std=gnu99 accepts -Wswitch-enum... yes
checking whether gcc -std=gnu99 accepts -Wunused-parameter... yes
checking whether gcc -std=gnu99 accepts -Wbad-function-cast... yes
checking whether gcc -std=gnu99 accepts -Wcast-align... yes
checking whether gcc -std=gnu99 accepts -Wstrict-prototypes... no
checking whether gcc -std=gnu99 accepts -Wold-style-definition... no
checking whether gcc -std=gnu99 accepts -Wmissing-prototypes... yes
checking whether gcc -std=gnu99 accepts -Wmissing-field-initializers... yes
checking whether gcc -std=gnu99 accepts -Wthread-safety... no
checking whether gcc -std=gnu99 accepts -fno-strict-aliasing... yes
checking whether gcc -std=gnu99 accepts -Qunused-arguments... no
checking whether gcc -std=gnu99 accepts -Wno-unused... yes
checking whether gcc -std=gnu99 accepts -Wno-unused-parameter... yes
checking target hint for cgcc... x86_64
checking whether make has GNU make $(if) extension... yes
checking whether gcc -std=gnu99 accepts -mssse3... yes
checking whether make supports nested variables... (cached) yes
checking that generated files are newer than configure... done
configure: creating ./config.status
config.status: creating lib/stdio.h
config.status: creating lib/string.h
config.status: creating ovsdb/libovsdb.sym
config.status: creating ofproto/libofproto.sym
config.status: creating lib/libsflow.sym
config.status: creating lib/libopenvswitch.sym
config.status: creating ovn/lib/libovn.sym
config.status: creating vtep/libvtep.sym
config.status: creating Makefile
config.status: creating datapath/Makefile
config.status: creating datapath/linux/Kbuild
config.status: creating datapath/linux/Makefile
config.status: creating datapath/linux/Makefile.main
config.status: creating tests/atlocal
config.status: creating lib/libopenvswitch.pc
config.status: creating lib/libsflow.pc
config.status: creating ofproto/libofproto.pc
config.status: creating ovsdb/libovsdb.pc
config.status: creating include/openvswitch/version.h
config.status: creating config.h
config.status: config.h is unchanged
config.status: executing tests/atconfig commands
config.status: executing depfiles commands
config.status: executing libtool commands
config.status: executing include/openflow/openflow.h.stamp commands
config.status: executing utilities/bugtool/dummy commands
config.status: executing ovn/dummy commands
config.status: executing ovn/utilities/dummy commands
